hammer-a145
Wed Sep 4 23:31:39 EDT 2019
SCRAM warning: You are trying to compile/build for architecture slc6_amd64_gcc530 on SLC7 OS which might not work.
If you know this SCRAM_ARCH/OS combination works then please first run 'scram build --ignore-arch'.
Done: ProjectRename
Begin processing files in Parafly_inputs ::
/home/bakshi3/CMSSW_9_1_0_pre3/delphes
total 1.5G
-rw-r--r--  1 bakshi3 student 5.0M Jul  2 16:29 MinBias.pileup
-rw-r--r--  1 bakshi3 student   90 Jul  2 16:29 DelphesEnv.sh
-rw-r--r--  1 bakshi3 student  35K Jul  2 16:29 COPYING
-rwxr-xr-x  1 bakshi3 student  189 Jul  2 16:29 configure
-rw-r--r--  1 bakshi3 student 1.8K Jul  2 16:29 README_4LHCb
drwxr-x---  3 bakshi3 student 4.0K Jul  2 16:29 python
drwxr-x---  7 bakshi3 student 4.0K Jul  2 16:49 external
drwxr-x---  4 bakshi3 student 4.0K Jul  2 16:49 examples
drwxr-x---  2 bakshi3 student 4.0K Jul  2 16:49 doc
drwxr-x---  2 bakshi3 student 4.0K Jul  2 16:49 display
drwxr-x---  2 bakshi3 student 4.0K Jul  2 16:49 converters
drwxr-x---  2 bakshi3 student 4.0K Jul  2 16:49 cmake
drwxr-x---  2 bakshi3 student 4.0K Jul  2 16:49 classes
drwxr-x---  5 bakshi3 student 4.0K Jul  2 16:49 cards
-rw-r--r--  1 bakshi3 student    6 Jul  2 16:49 VERSION
-rw-r--r--  1 bakshi3 student 4.3K Jul  2 16:49 README.md
-rw-r--r--  1 bakshi3 student 3.7K Jul  2 16:49 README
-rw-r--r--  1 bakshi3 student  962 Jul  2 16:49 NOTICE
-rw-r--r--  1 bakshi3 student 9.2K Jul  2 16:49 LICENSE
-rw-r--r--  1 bakshi3 student 1.2K Jul  2 16:49 CONTRIBUTING.md
-rw-r--r--  1 bakshi3 student 3.0K Jul  2 16:49 CMakeLists.txt
-rw-r--r--  1 bakshi3 student 9.1K Jul  2 16:49 CHANGELOG
-rw-r--r--  1 bakshi3 student  799 Jul  2 16:49 AUTHORS
-rw-r--r--  1 bakshi3 student  325 Jul  2 16:49 .gitignore
drwxr-x---  2 bakshi3 student 4.0K Jul  2 16:49 .circleci
drwxr-x---  2 bakshi3 student 4.0K Jul  2 16:49 validation
drwxr-x---  2 bakshi3 student 8.0K Jul  2 16:49 modules
drwxr-x---  8 bakshi3 student 4.0K Jul  2 16:49 .git
-rw-r--r--  1 bakshi3 student  81K Jul  2 16:49 Makefile
-rwxr-x--x  1 bakshi3 student 2.1M Jul  2 16:51 libDelphesNoFastJet.so
-rwxr-x--x  1 bakshi3 student 4.0M Jul  2 16:53 libDelphes.so
-rw-r-----  1 bakshi3 student  16K Jul  2 16:53 ModulesDict_rdict.pcm
-rw-r-----  1 bakshi3 student 4.5K Jul  2 16:53 FastJetDict_rdict.pcm
-rw-r-----  1 bakshi3 student 3.4K Jul  2 16:53 ExRootAnalysisDict_rdict.pcm
-rw-r-----  1 bakshi3 student  13K Jul  2 16:53 ClassesDict_rdict.pcm
-rwxr-x--x  1 bakshi3 student 3.7M Jul  2 16:53 hepmc2pileup
-rwxr-x--x  1 bakshi3 student 3.7M Jul  2 16:53 lhco2root
-rwxr-x--x  1 bakshi3 student 3.7M Jul  2 16:53 pileup2root
-rwxr-x--x  1 bakshi3 student 3.7M Jul  2 16:53 root2lhco
-rwxr-x--x  1 bakshi3 student 3.7M Jul  2 16:53 root2pileup
-rwxr-x--x  1 bakshi3 student 3.7M Jul  2 16:53 stdhep2pileup
-rwxr-x--x  1 bakshi3 student 3.7M Jul  2 16:53 CaloGrid
-rwxr-x--x  1 bakshi3 student 3.7M Jul  2 16:53 Example1
drwxr-x---  9 bakshi3 student 4.0K Jul  2 16:54 tmp
-rwxr-x--x  1 bakshi3 student 3.9M Jul  2 16:54 DelphesValidation
-rwxr-x--x  1 bakshi3 student 3.7M Jul  2 16:54 DelphesHepMC
-rwxr-x--x  1 bakshi3 student 3.7M Jul  2 16:54 DelphesLHEF
-rwxr-x--x  1 bakshi3 student 3.7M Jul  2 16:54 DelphesROOT
-rwxr-x--x  1 bakshi3 student 3.7M Jul  2 16:54 DelphesSTDHEP
-rw-r-----  1 bakshi3 student 702M Jul  2 17:08 MinBias_100k.pileup
-rwxr-x--x  1 bakshi3 student 3.7M Jul  2 17:25 DelphesCMSFWLite
-rw-r-----  1 bakshi3 student  23K Aug  1 14:33 filelist
drwxr-x---  2 bakshi3 student 4.0K Aug  9 11:19 readers
-rw-r--r--  1 bakshi3 student 1.2K Aug 15 17:06 Copy_tree.py
drwxr-xr-x  2 bakshi3 student 4.0K Aug 28 15:08 bin
-rwxr-x---  1 bakshi3 student  17K Sep  3 11:36 Ntuplizer.py
drwxr-x---  2 bakshi3 student 4.0K Sep  3 17:35 Ntuplization_jobs
drwxr-x--- 19 bakshi3 student 4.0K Sep  4 23:29 .
drwxr-x--- 19 bakshi3 student 4.0K Sep  4 23:31 ..
